SF:lib\domain\search_movies.dart
DA:9,1
DA:11,1
DA:12,2
LF:3
LH:3
end_of_record
SF:lib\domain\search_tv_series.dart
DA:9,1
DA:11,1
DA:12,2
LF:3
LH:3
end_of_record
SF:lib\presentation\bloc\movie\search_bloc.dart
DA:11,3
DA:12,2
DA:13,1
DA:15,2
DA:16,3
DA:18,2
DA:19,3
DA:20,1
DA:21,2
DA:23,1
DA:26,1
DA:28,3
DA:35,1
DA:36,1
DA:40,1
DA:41,1
DA:47,2
DA:49,1
DA:50,2
DA:56,2
DA:58,1
DA:59,2
DA:67,2
DA:69,0
DA:70,0
LF:25
LH:23
end_of_record
SF:lib\presentation\bloc\tv_series\search_bloc.dart
DA:11,3
DA:12,2
DA:13,1
DA:15,2
DA:16,3
DA:18,2
DA:19,3
DA:20,1
DA:21,2
DA:23,1
DA:26,1
DA:28,3
DA:35,1
DA:36,1
DA:40,1
DA:41,1
DA:47,2
DA:49,1
DA:50,2
DA:56,2
DA:58,1
DA:59,2
DA:67,2
DA:69,0
DA:70,0
LF:25
LH:23
end_of_record
SF:lib\presentation\page\search_page.dart
DA:11,1
DA:13,1
DA:15,1
DA:16,1
DA:19,1
DA:21,1
DA:23,1
DA:24,1
DA:25,1
DA:26,1
DA:28,1
DA:29,2
DA:31,1
DA:32,2
DA:34,1
DA:36,1
DA:37,1
DA:41,1
DA:42,1
DA:44,1
DA:46,1
DA:47,1
DA:48,1
DA:49,1
DA:50,1
DA:51,1
DA:57,1
DA:58,1
DA:59,1
DA:60,1
DA:61,1
DA:63,1
DA:64,1
DA:65,1
DA:67,3
DA:68,2
DA:69,2
DA:70,1
LF:38
LH:38
end_of_record
