SF:lib\data\datasources\tv_series_local_data_source.dart
DA:15,1
DA:18,1
DA:20,3
DA:23,2
DA:28,1
DA:30,3
DA:33,2
DA:38,1
DA:39,3
DA:41,1
DA:48,1
DA:49,3
DA:50,4
LF:13
LH:13
end_of_record
SF:lib\data\models\tv_series_table.dart
DA:12,17
DA:19,2
DA:20,1
DA:21,1
DA:22,1
DA:23,1
DA:26,2
DA:27,1
DA:28,1
DA:29,1
DA:30,1
DA:33,0
DA:34,0
DA:35,0
DA:36,0
DA:37,0
DA:40,0
DA:41,0
DA:42,0
DA:43,0
DA:44,0
DA:47,2
DA:48,1
DA:49,1
DA:50,1
DA:51,1
DA:54,2
DA:55,10
LF:28
LH:18
end_of_record
SF:lib\domain\entities\tv_series.dart
DA:4,11
DA:19,1
DA:39,6
DA:40,6
DA:41,6
DA:42,6
DA:43,6
DA:44,6
DA:45,6
DA:46,6
DA:47,6
DA:48,6
DA:49,6
DA:50,6
DA:51,6
DA:52,6
LF:16
LH:16
end_of_record
SF:lib\domain\entities\tv_series_detail.dart
DA:5,6
DA:43,1
DA:44,1
DA:45,1
DA:46,1
DA:47,1
DA:48,1
DA:49,1
DA:50,1
DA:51,1
DA:52,1
DA:53,1
DA:54,1
DA:55,1
DA:56,1
DA:57,1
DA:58,1
DA:59,1
DA:60,1
DA:61,1
LF:20
LH:20
end_of_record
SF:lib\data\datasources\tv_series_remote_data_source.dart
DA:20,1
DA:23,1
DA:24,5
DA:26,2
DA:27,4
DA:29,1
DA:34,1
DA:35,5
DA:37,2
DA:38,3
DA:40,1
DA:45,1
DA:46,5
DA:48,2
DA:49,4
DA:51,1
DA:56,1
DA:57,5
DA:59,2
DA:60,4
DA:62,1
DA:67,1
DA:68,5
DA:70,2
DA:71,4
DA:73,1
DA:78,1
DA:79,5
DA:81,2
DA:82,4
DA:84,1
LF:31
LH:31
end_of_record
SF:lib\data\models\tv_series_detail_model.dart
DA:6,2
DA:44,1
DA:45,1
DA:46,1
DA:47,4
DA:48,1
DA:49,1
DA:50,4
DA:51,1
DA:52,1
DA:53,1
DA:54,1
DA:55,1
DA:56,1
DA:57,1
DA:58,2
DA:59,1
DA:60,1
DA:61,1
DA:62,2
DA:63,1
DA:66,0
DA:67,0
DA:68,0
DA:69,0
DA:70,0
DA:71,0
DA:72,0
DA:73,0
DA:74,0
DA:75,0
DA:76,0
DA:77,0
DA:78,0
DA:79,0
DA:80,0
DA:81,0
DA:82,0
DA:83,0
DA:86,1
DA:87,1
DA:88,1
DA:89,1
DA:90,1
DA:91,5
DA:92,1
DA:93,1
DA:94,1
DA:95,1
DA:96,1
DA:97,1
DA:98,1
DA:99,1
DA:100,1
DA:101,1
DA:102,1
DA:103,1
DA:104,1
DA:107,1
DA:108,1
DA:109,1
DA:110,1
DA:111,1
DA:112,1
DA:113,1
DA:114,1
DA:115,1
DA:116,1
DA:117,1
DA:118,1
DA:119,1
DA:120,1
DA:121,1
DA:122,1
DA:123,1
DA:124,1
LF:76
LH:58
end_of_record
SF:lib\data\models\tv_series_model.dart
DA:5,5
DA:33,4
DA:34,2
DA:35,2
DA:36,8
DA:37,2
DA:38,2
DA:39,2
DA:40,2
DA:41,2
DA:42,4
DA:43,2
DA:44,4
DA:45,2
DA:48,2
DA:49,1
DA:50,1
DA:51,4
DA:52,1
DA:53,1
DA:54,1
DA:55,1
DA:56,1
DA:57,1
DA:58,1
DA:59,1
DA:60,1
DA:62,2
DA:63,2
DA:64,2
DA:65,2
DA:66,2
DA:67,2
DA:68,2
DA:69,2
DA:70,2
DA:71,2
DA:72,2
DA:73,2
DA:74,2
DA:75,2
DA:79,2
DA:80,2
DA:81,2
DA:82,2
DA:83,2
DA:84,2
DA:85,2
DA:86,2
DA:87,2
DA:88,2
DA:89,2
DA:90,2
DA:91,2
DA:92,2
LF:55
LH:55
end_of_record
SF:lib\data\models\tv_series_response.dart
DA:7,3
DA:9,4
DA:10,4
DA:11,6
DA:12,6
DA:15,2
DA:16,5
DA:19,1
DA:20,2
LF:9
LH:9
end_of_record
SF:lib\data\repositories\tv_series_repository_impl.dart
DA:15,1
DA:21,1
DA:23,3
DA:24,5
DA:25,1
DA:26,2
DA:27,1
DA:28,2
DA:33,1
DA:35,3
DA:36,2
DA:37,1
DA:38,2
DA:39,1
DA:40,2
DA:45,1
DA:47,3
DA:48,3
DA:49,1
DA:50,2
DA:51,1
DA:52,2
DA:57,1
DA:59,3
DA:60,5
DA:61,1
DA:62,2
DA:63,1
DA:64,2
DA:69,1
DA:71,3
DA:72,5
DA:73,1
DA:74,2
DA:75,1
DA:76,2
DA:81,1
DA:83,3
DA:84,5
DA:85,1
DA:86,2
DA:87,1
DA:88,2
DA:93,1
DA:95,4
DA:96,1
DA:97,1
DA:98,3
DA:105,1
DA:107,4
DA:108,1
DA:109,1
DA:110,3
DA:115,1
DA:116,3
DA:121,1
DA:122,3
DA:123,5
LF:58
LH:58
end_of_record
SF:lib\domain\usecases\get_now_playing_tv_series.dart
DA:9,1
DA:11,1
DA:12,2
LF:3
LH:3
end_of_record
SF:lib\domain\usecases\get_popular_tv_series.dart
DA:9,1
DA:11,1
DA:12,2
LF:3
LH:3
end_of_record
SF:lib\domain\usecases\get_top_rated_tv_series.dart
DA:9,1
DA:11,1
DA:12,2
LF:3
LH:3
end_of_record
SF:lib\domain\usecases\get_tv_series_detail.dart
DA:9,1
DA:11,1
DA:12,2
LF:3
LH:3
end_of_record
SF:lib\domain\usecases\get_tv_recommendations.dart
DA:9,1
DA:11,1
DA:12,2
LF:3
LH:3
end_of_record
SF:lib\domain\usecases\get_watchlist_status.dart
DA:6,1
DA:8,1
DA:9,2
LF:3
LH:3
end_of_record
SF:lib\domain\usecases\get_watchlist_tv_series.dart
DA:9,1
DA:11,1
DA:12,2
LF:3
LH:3
end_of_record
SF:lib\domain\usecases\remove_watchlist.dart
DA:9,1
DA:11,1
DA:12,2
LF:3
LH:3
end_of_record
SF:lib\domain\usecases\save_watchlist.dart
DA:9,1
DA:11,1
DA:12,2
LF:3
LH:3
end_of_record
SF:lib\presentation\bloc\now_playing_tv_series_bloc.dart
DA:9,1
DA:11,2
DA:12,2
DA:15,1
DA:17,2
DA:18,3
DA:19,1
DA:20,4
DA:21,3
DA:29,1
DA:30,1
DA:34,1
DA:35,1
DA:41,1
DA:43,1
DA:44,2
DA:50,1
DA:52,1
DA:53,2
DA:59,1
DA:60,1
LF:21
LH:21
end_of_record
SF:lib\presentation\bloc\popular_tv_series_bloc.dart
DA:9,1
DA:11,2
DA:12,2
DA:15,1
DA:18,2
DA:19,3
DA:20,1
DA:21,4
DA:22,3
DA:30,1
DA:31,1
DA:35,1
DA:36,1
DA:42,2
DA:44,1
DA:45,2
DA:51,2
DA:53,1
DA:54,2
DA:60,1
DA:61,1
LF:21
LH:21
end_of_record
SF:lib\presentation\bloc\top_rated_tv_series_bloc.dart
DA:9,1
DA:11,2
DA:12,2
DA:15,1
DA:18,2
DA:19,3
DA:20,1
DA:21,4
DA:22,3
DA:30,1
DA:31,1
DA:35,1
DA:36,1
DA:42,2
DA:44,1
DA:45,2
DA:51,2
DA:53,1
DA:54,2
DA:60,1
DA:61,1
LF:21
LH:21
end_of_record
SF:lib\presentation\bloc\watchlist_tv_series_bloc.dart
DA:10,1
DA:12,2
DA:13,2
DA:16,1
DA:18,2
DA:19,3
DA:20,1
DA:21,4
DA:22,2
DA:23,2
DA:24,0
DA:32,1
DA:33,1
DA:37,1
DA:38,1
DA:44,2
DA:46,1
DA:47,2
DA:53,2
DA:55,1
DA:56,2
DA:62,1
DA:63,1
LF:23
LH:22
end_of_record
SF:lib\presentation\bloc\watchlist_tv_series_status_bloc.dart
DA:8,1
DA:9,2
DA:10,2
DA:13,1
DA:15,4
DA:16,2
DA:23,1
DA:24,1
DA:30,2
DA:32,1
DA:33,2
DA:41,2
DA:43,1
DA:44,2
LF:14
LH:14
end_of_record
SF:lib\presentation\bloc\watchlist_modify_tv_series_bloc.dart
DA:12,1
DA:15,2
DA:16,2
DA:17,2
DA:20,1
DA:24,2
DA:25,4
DA:27,1
DA:28,4
DA:29,3
DA:33,1
DA:37,2
DA:38,4
DA:40,1
DA:41,4
DA:42,3
DA:50,1
DA:51,1
DA:55,1
DA:56,1
DA:62,1
DA:64,1
DA:65,2
DA:71,1
DA:73,1
DA:74,2
DA:80,1
DA:82,1
DA:83,2
DA:91,1
DA:93,1
DA:94,2
DA:100,1
DA:102,1
DA:103,2
LF:35
LH:35
end_of_record
SF:lib\presentation\pages\popular_tv_series_page.dart
DA:9,1
DA:10,1
DA:14,1
DA:16,1
DA:17,1
DA:18,5
DA:21,1
DA:23,1
DA:24,1
DA:25,1
DA:27,1
DA:29,1
DA:30,1
DA:31,1
DA:35,1
DA:36,1
DA:37,1
DA:38,2
DA:39,1
DA:41,2
LF:20
LH:20
end_of_record
SF:lib\presentation\widgets\tv_series_card_list.dart
DA:9,3
DA:11,3
DA:13,3
DA:15,3
DA:16,0
DA:17,0
DA:20,0
DA:23,3
DA:25,3
DA:26,3
DA:27,3
DA:33,3
DA:35,3
DA:36,3
DA:37,6
DA:40,3
DA:42,3
DA:43,3
DA:44,6
DA:52,3
DA:57,3
DA:58,3
DA:59,9
DA:61,6
DA:62,3
DA:64,0
DA:66,6
LF:27
LH:23
end_of_record
SF:lib\presentation\pages\top_rated_tv_series_page.dart
DA:8,1
DA:9,1
DA:13,1
DA:15,1
DA:16,6
DA:19,1
DA:21,1
DA:22,1
DA:23,1
DA:25,1
DA:27,1
DA:28,1
DA:29,1
DA:33,1
DA:34,1
DA:35,1
DA:36,2
DA:37,1
DA:39,2
LF:19
LH:19
end_of_record
SF:lib\presentation\bloc\tv_series_detail_bloc.dart
DA:12,0
DA:15,0
DA:16,0
DA:19,0
DA:22,0
DA:23,0
DA:24,0
DA:25,0
DA:26,0
DA:27,0
DA:28,0
DA:29,0
DA:30,0
DA:31,0
DA:41,0
DA:42,0
DA:46,0
DA:47,0
DA:53,1
DA:55,0
DA:56,0
DA:63,1
DA:65,0
DA:66,0
DA:74,1
DA:76,0
DA:77,0
LF:27
LH:3
end_of_record
SF:lib\presentation\bloc\watchlist_modify_tv_series_bloc.dart
DA:12,0
DA:15,0
DA:16,0
DA:17,0
DA:20,0
DA:24,0
DA:25,0
DA:27,0
DA:28,0
DA:29,0
DA:33,0
DA:37,0
DA:38,0
DA:40,0
DA:41,0
DA:42,0
DA:50,0
DA:51,0
DA:55,0
DA:56,0
DA:62,0
DA:64,0
DA:65,0
DA:71,0
DA:73,0
DA:74,0
DA:80,0
DA:82,0
DA:83,0
DA:91,0
DA:93,0
DA:94,0
DA:100,0
DA:102,0
DA:103,0
LF:35
LH:0
end_of_record
SF:lib\presentation\pages\tv_series_detail_page.dart
DA:17,1
DA:19,1
DA:20,1
DA:24,1
DA:26,1
DA:27,2
DA:28,6
DA:29,6
DA:33,1
DA:35,1
DA:36,0
DA:37,0
DA:38,0
DA:39,0
DA:40,0
DA:41,0
DA:42,0
DA:43,0
DA:44,0
DA:45,0
DA:46,0
DA:47,0
DA:48,0
DA:50,0
DA:51,0
DA:56,1
DA:57,1
DA:58,1
DA:59,1
DA:60,1
DA:61,2
DA:62,1
DA:63,1
DA:64,3
DA:65,1
DA:66,2
DA:85,1
DA:87,1
DA:89,3
DA:90,1
DA:91,1
DA:92,1
DA:93,3
DA:95,2
DA:96,1
DA:98,0
DA:100,1
DA:102,1
DA:103,1
DA:104,1
DA:105,1
DA:107,2
DA:114,1
DA:115,1
DA:116,1
DA:118,1
DA:120,1
DA:122,1
DA:123,1
DA:124,2
DA:125,1
DA:127,1
DA:128,0
DA:129,0
DA:131,0
DA:132,0
DA:134,0
DA:135,0
DA:138,0
DA:139,0
DA:141,0
DA:142,0
DA:145,1
DA:147,1
DA:148,1
DA:155,1
DA:156,3
DA:158,4
DA:159,4
DA:160,1
DA:161,1
DA:162,1
DA:163,3
DA:165,2
DA:171,4
DA:174,1
DA:175,1
DA:177,1
DA:179,1
DA:180,2
DA:182,1
DA:183,2
DA:184,1
DA:186,1
DA:188,0
DA:189,1
DA:191,1
DA:193,1
DA:194,2
DA:195,1
DA:197,1
DA:198,0
DA:199,0
DA:202,0
DA:205,1
DA:209,1
DA:210,1
DA:211,2
DA:212,1
DA:216,0
DA:217,0
DA:223,2
DA:229,1
DA:231,1
DA:246,1
DA:248,1
DA:251,1
DA:252,1
DA:253,0
DA:254,0
DA:263,1
DA:265,2
DA:266,3
DA:269,1
DA:273,3
LF:125
LH:91
end_of_record
SF:lib\presentation\pages\watchlist_tv_series_page.dart
DA:7,3
DA:10,1
DA:11,1
DA:15,1
DA:17,1
DA:18,1
DA:20,1
DA:21,1
DA:22,1
DA:26,1
DA:27,1
DA:28,1
DA:29,2
DA:30,1
DA:32,2
DA:34,1
DA:37,1
DA:39,2
LF:18
LH:18
end_of_record
